app/build/intermediates/manifest_merge_blame_file/debug/manifest-merger-blame-debug-report.txt
1<?xml version="1.0" encoding="utf-8"?>
2<manifest xmlns:android="http://schemas.android.com/apk/res/android"
3    package="com.example.demo"
4    android:versionCode="1"
5    android:versionName="1.0" >
6
7    <uses-sdk
8        android:minSdkVersion="21"
8-->src\main\AndroidManifest.xml
9        android:targetSdkVersion="31" />
9-->src\main\AndroidManifest.xml
10
11    <uses-permission android:name="android.permission.ACCESS_NETWORK_STATE" />
11-->[com.firebaseui:firebase-ui-auth:4.3.2] AndroidManifest.xml:12:5-79
11-->[com.firebaseui:firebase-ui-auth:4.3.2] AndroidManifest.xml:12:22-76
12    <uses-permission android:name="android.permission.INTERNET" />
12-->[com.firebaseui:firebase-ui-auth:4.3.2] AndroidManifest.xml:13:5-67
12-->[com.firebaseui:firebase-ui-auth:4.3.2] AndroidManifest.xml:13:22-64
13    <uses-permission android:name="android.permission.WAKE_LOCK" />
13-->[com.google.android.gms:play-services-measurement-api:20.1.0] AndroidManifest.xml:24:5-68
13-->[com.google.android.gms:play-services-measurement-api:20.1.0] AndroidManifest.xml:24:22-65
14    <uses-permission android:name="com.google.android.finsky.permission.BIND_GET_INSTALL_REFERRER_SERVICE" /> <!-- Include required permissions for Advertising Id -->
14-->[com.google.android.gms:play-services-measurement:20.1.0] AndroidManifest.xml:26:5-110
14-->[com.google.android.gms:play-services-measurement:20.1.0] AndroidManifest.xml:26:22-107
15    <uses-permission android:name="com.google.android.gms.permission.AD_ID" />
15-->[com.google.android.gms:play-services-ads-identifier:18.0.0] AndroidManifest.xml:23:5-79
15-->[com.google.android.gms:play-services-ads-identifier:18.0.0] AndroidManifest.xml:23:22-76
16
17    <application
17-->src\main\AndroidManifest.xml:5:5-26:19
18        android:allowBackup="true"
18-->src\main\AndroidManifest.xml:6:9-35
19        android:appComponentFactory="androidx.core.app.CoreComponentFactory"
19-->[androidx.core:core:1.7.0] AndroidManifest.xml:24:18-86
20        android:debuggable="true"
21        android:icon="@mipmap/ic_launcher"
21-->src\main\AndroidManifest.xml:7:9-43
22        android:label="@string/app_name"
22-->src\main\AndroidManifest.xml:8:9-41
23        android:roundIcon="@mipmap/ic_launcher_round"
23-->src\main\AndroidManifest.xml:9:9-54
24        android:supportsRtl="true"
24-->src\main\AndroidManifest.xml:10:9-35
25        android:testOnly="true"
26        android:theme="@style/Theme.Demo" >
26-->src\main\AndroidManifest.xml:11:9-42
27        <activity
27-->src\main\AndroidManifest.xml:12:9-20:20
28            android:name="com.example.demo.SignActivity"
28-->src\main\AndroidManifest.xml:13:13-41
29            android:exported="true" >
29-->src\main\AndroidManifest.xml:14:13-36
30            <intent-filter>
30-->src\main\AndroidManifest.xml:15:9-19:25
31                <action android:name="android.intent.action.MAIN" />
31-->src\main\AndroidManifest.xml:16:13-65
31-->src\main\AndroidManifest.xml:16:21-62
32
33                <category android:name="android.intent.category.LAUNCHER" />
33-->src\main\AndroidManifest.xml:18:13-73
33-->src\main\AndroidManifest.xml:18:23-70
34            </intent-filter>
35        </activity>
36        <activity
36-->src\main\AndroidManifest.xml:21:9-25:20
37            android:name="com.example.demo.MainActivity"
37-->src\main\AndroidManifest.xml:22:13-41
38            android:exported="true" >
38-->src\main\AndroidManifest.xml:23:13-36
39        </activity>
40
41        <meta-data
41-->[com.firebaseui:firebase-ui-auth:4.3.2] AndroidManifest.xml:16:9-18:69
42            android:name="com.google.android.gms.version"
42-->[com.firebaseui:firebase-ui-auth:4.3.2] AndroidManifest.xml:17:13-58
43            android:value="@integer/google_play_services_version" />
43-->[com.firebaseui:firebase-ui-auth:4.3.2] AndroidManifest.xml:18:13-66
44        <meta-data
44-->[com.firebaseui:firebase-ui-auth:4.3.2] AndroidManifest.xml:19:9-21:63
45            android:name="com.facebook.sdk.ApplicationId"
45-->[com.firebaseui:firebase-ui-auth:4.3.2] AndroidManifest.xml:20:13-58
46            android:value="@string/facebook_application_id" />
46-->[com.firebaseui:firebase-ui-auth:4.3.2] AndroidManifest.xml:21:13-60
47
48        <activity
48-->[com.firebaseui:firebase-ui-auth:4.3.2] AndroidManifest.xml:23:9-27:61
49            android:name="com.firebase.ui.auth.KickoffActivity"
49-->[com.firebaseui:firebase-ui-auth:4.3.2] AndroidManifest.xml:24:13-64
50            android:exported="false"
50-->[com.firebaseui:firebase-ui-auth:4.3.2] AndroidManifest.xml:25:13-37
51            android:label=""
51-->[com.firebaseui:firebase-ui-auth:4.3.2] AndroidManifest.xml:26:13-29
52            android:theme="@style/FirebaseUI.Transparent" />
52-->[com.firebaseui:firebase-ui-auth:4.3.2] AndroidManifest.xml:27:13-58
53        <activity
53-->[com.firebaseui:firebase-ui-auth:4.3.2] AndroidManifest.xml:28:9-32:61
54            android:name="com.firebase.ui.auth.ui.idp.SingleSignInActivity"
54-->[com.firebaseui:firebase-ui-auth:4.3.2] AndroidManifest.xml:29:13-76
55            android:exported="false"
55-->[com.firebaseui:firebase-ui-auth:4.3.2] AndroidManifest.xml:30:13-37
56            android:label=""
56-->[com.firebaseui:firebase-ui-auth:4.3.2] AndroidManifest.xml:31:13-29
57            android:theme="@style/FirebaseUI.Transparent" />
57-->[com.firebaseui:firebase-ui-auth:4.3.2] AndroidManifest.xml:32:13-58
58        <activity
58-->[com.firebaseui:firebase-ui-auth:4.3.2] AndroidManifest.xml:33:9-37:61
59            android:name="com.firebase.ui.auth.ui.credentials.CredentialSaveActivity"
59-->[com.firebaseui:firebase-ui-auth:4.3.2] AndroidManifest.xml:34:13-86
60            android:exported="false"
60-->[com.firebaseui:firebase-ui-auth:4.3.2] AndroidManifest.xml:35:13-37
61            android:label=""
61-->[com.firebaseui:firebase-ui-auth:4.3.2] AndroidManifest.xml:36:13-29
62            android:theme="@style/FirebaseUI.Transparent" />
62-->[com.firebaseui:firebase-ui-auth:4.3.2] AndroidManifest.xml:37:13-58
63        <activity
63-->[com.firebaseui:firebase-ui-auth:4.3.2] AndroidManifest.xml:38:9-42:58
64            android:name="com.firebase.ui.auth.ui.email.RecoverPasswordActivity"
64-->[com.firebaseui:firebase-ui-auth:4.3.2] AndroidManifest.xml:39:13-81
65            android:exported="false"
65-->[com.firebaseui:firebase-ui-auth:4.3.2] AndroidManifest.xml:40:13-37
66            android:label="@string/fui_title_recover_password_activity"
66-->[com.firebaseui:firebase-ui-auth:4.3.2] AndroidManifest.xml:41:13-72
67            android:windowSoftInputMode="adjustResize" />
67-->[com.firebaseui:firebase-ui-auth:4.3.2] AndroidManifest.xml:42:13-55
68        <activity
68-->[com.firebaseui:firebase-ui-auth:4.3.2] AndroidManifest.xml:43:9-47:58
69            android:name="com.firebase.ui.auth.ui.email.EmailActivity"
69-->[com.firebaseui:firebase-ui-auth:4.3.2] AndroidManifest.xml:44:13-71
70            android:exported="false"
70-->[com.firebaseui:firebase-ui-auth:4.3.2] AndroidManifest.xml:45:13-37
71            android:label="@string/fui_sign_in_default"
71-->[com.firebaseui:firebase-ui-auth:4.3.2] AndroidManifest.xml:46:13-56
72            android:windowSoftInputMode="adjustResize" />
72-->[com.firebaseui:firebase-ui-auth:4.3.2] AndroidManifest.xml:47:13-55
73        <activity
73-->[com.firebaseui:firebase-ui-auth:4.3.2] AndroidManifest.xml:48:9-52:77
74            android:name="com.firebase.ui.auth.ui.phone.PhoneActivity"
74-->[com.firebaseui:firebase-ui-auth:4.3.2] AndroidManifest.xml:49:13-71
75            android:exported="false"
75-->[com.firebaseui:firebase-ui-auth:4.3.2] AndroidManifest.xml:50:13-37
76            android:label="@string/fui_sign_in_with_phone_number"
76-->[com.firebaseui:firebase-ui-auth:4.3.2] AndroidManifest.xml:51:13-66
77            android:windowSoftInputMode="adjustResize|stateAlwaysVisible" />
77-->[com.firebaseui:firebase-ui-auth:4.3.2] AndroidManifest.xml:52:13-74
78        <activity
78-->[com.firebaseui:firebase-ui-auth:4.3.2] AndroidManifest.xml:53:9-57:58
79            android:name="com.firebase.ui.auth.ui.idp.WelcomeBackIdpPrompt"
79-->[com.firebaseui:firebase-ui-auth:4.3.2] AndroidManifest.xml:54:13-76
80            android:exported="false"
80-->[com.firebaseui:firebase-ui-auth:4.3.2] AndroidManifest.xml:55:13-37
81            android:label="@string/fui_title_welcome_back_idp_prompt"
81-->[com.firebaseui:firebase-ui-auth:4.3.2] AndroidManifest.xml:56:13-70
82            android:windowSoftInputMode="adjustResize" />
82-->[com.firebaseui:firebase-ui-auth:4.3.2] AndroidManifest.xml:57:13-55
83        <activity
83-->[com.firebaseui:firebase-ui-auth:4.3.2] AndroidManifest.xml:58:9-62:58
84            android:name="com.firebase.ui.auth.ui.email.WelcomeBackPasswordPrompt"
84-->[com.firebaseui:firebase-ui-auth:4.3.2] AndroidManifest.xml:59:13-83
85            android:exported="false"
85-->[com.firebaseui:firebase-ui-auth:4.3.2] AndroidManifest.xml:60:13-37
86            android:label="@string/fui_title_welcome_back_password_prompt"
86-->[com.firebaseui:firebase-ui-auth:4.3.2] AndroidManifest.xml:61:13-75
87            android:windowSoftInputMode="adjustResize" />
87-->[com.firebaseui:firebase-ui-auth:4.3.2] AndroidManifest.xml:62:13-55
88        <activity
88-->[com.firebaseui:firebase-ui-auth:4.3.2] AndroidManifest.xml:63:9-67:58
89            android:name="com.firebase.ui.auth.ui.email.WelcomeBackEmailLinkPrompt"
89-->[com.firebaseui:firebase-ui-auth:4.3.2] AndroidManifest.xml:64:13-84
90            android:exported="false"
90-->[com.firebaseui:firebase-ui-auth:4.3.2] AndroidManifest.xml:65:13-37
91            android:label="@string/fui_title_welcome_back_password_prompt"
91-->[com.firebaseui:firebase-ui-auth:4.3.2] AndroidManifest.xml:66:13-75
92            android:windowSoftInputMode="adjustResize" />
92-->[com.firebaseui:firebase-ui-auth:4.3.2] AndroidManifest.xml:67:13-55
93        <activity
93-->[com.firebaseui:firebase-ui-auth:4.3.2] AndroidManifest.xml:68:9-73:58
94            android:name="com.firebase.ui.auth.ui.email.EmailLinkCatcherActivity"
94-->[com.firebaseui:firebase-ui-auth:4.3.2] AndroidManifest.xml:69:13-82
95            android:exported="false"
95-->[com.firebaseui:firebase-ui-auth:4.3.2] AndroidManifest.xml:70:13-37
96            android:label=""
96-->[com.firebaseui:firebase-ui-auth:4.3.2] AndroidManifest.xml:71:13-29
97            android:theme="@style/FirebaseUI.Transparent"
97-->[com.firebaseui:firebase-ui-auth:4.3.2] AndroidManifest.xml:72:13-58
98            android:windowSoftInputMode="adjustResize" />
98-->[com.firebaseui:firebase-ui-auth:4.3.2] AndroidManifest.xml:73:13-55
99        <activity
99-->[com.firebaseui:firebase-ui-auth:4.3.2] AndroidManifest.xml:74:9-78:58
100            android:name="com.firebase.ui.auth.ui.email.EmailLinkErrorRecoveryActivity"
100-->[com.firebaseui:firebase-ui-auth:4.3.2] AndroidManifest.xml:75:13-88
101            android:exported="false"
101-->[com.firebaseui:firebase-ui-auth:4.3.2] AndroidManifest.xml:76:13-37
102            android:label="@string/fui_sign_in_default"
102-->[com.firebaseui:firebase-ui-auth:4.3.2] AndroidManifest.xml:77:13-56
103            android:windowSoftInputMode="adjustResize" />
103-->[com.firebaseui:firebase-ui-auth:4.3.2] AndroidManifest.xml:78:13-55
104        <activity
104-->[com.firebaseui:firebase-ui-auth:4.3.2] AndroidManifest.xml:79:9-82:65
105            android:name="com.firebase.ui.auth.ui.idp.AuthMethodPickerActivity"
105-->[com.firebaseui:firebase-ui-auth:4.3.2] AndroidManifest.xml:80:13-80
106            android:exported="false"
106-->[com.firebaseui:firebase-ui-auth:4.3.2] AndroidManifest.xml:81:13-37
107            android:label="@string/fui_default_toolbar_title" />
107-->[com.firebaseui:firebase-ui-auth:4.3.2] AndroidManifest.xml:82:13-62
108        <activity
108-->[com.firebaseui:firebase-ui-auth:4.3.2] AndroidManifest.xml:83:9-87:48
109            android:name="com.facebook.FacebookActivity"
109-->[com.firebaseui:firebase-ui-auth:4.3.2] AndroidManifest.xml:84:13-57
110            android:configChanges="keyboard|keyboardHidden|screenLayout|screenSize|orientation"
110-->[com.firebaseui:firebase-ui-auth:4.3.2] AndroidManifest.xml:85:13-96
111            android:label="@string/app_name" />
111-->[com.firebaseui:firebase-ui-auth:4.3.2] AndroidManifest.xml:86:13-45
112        <activity
112-->[com.firebaseui:firebase-ui-auth:4.3.2] AndroidManifest.xml:88:9-100:20
113            android:name="com.facebook.CustomTabActivity"
113-->[com.firebaseui:firebase-ui-auth:4.3.2] AndroidManifest.xml:89:13-58
114            android:exported="true" >
114-->[com.firebaseui:firebase-ui-auth:4.3.2] AndroidManifest.xml:90:13-36
115            <intent-filter>
115-->[com.firebaseui:firebase-ui-auth:4.3.2] AndroidManifest.xml:92:13-99:29
116                <action android:name="android.intent.action.VIEW" />
116-->[com.firebaseui:firebase-ui-auth:4.3.2] AndroidManifest.xml:93:17-69
116-->[com.firebaseui:firebase-ui-auth:4.3.2] AndroidManifest.xml:93:25-66
117
118                <category android:name="android.intent.category.DEFAULT" />
118-->[com.firebaseui:firebase-ui-auth:4.3.2] AndroidManifest.xml:95:17-76
118-->[com.firebaseui:firebase-ui-auth:4.3.2] AndroidManifest.xml:95:27-73
119                <category android:name="android.intent.category.BROWSABLE" />
119-->[com.firebaseui:firebase-ui-auth:4.3.2] AndroidManifest.xml:96:17-78
119-->[com.firebaseui:firebase-ui-auth:4.3.2] AndroidManifest.xml:96:27-75
120
121                <data android:scheme="@string/facebook_login_protocol_scheme" />
121-->[com.firebaseui:firebase-ui-auth:4.3.2] AndroidManifest.xml:98:17-81
121-->[com.firebaseui:firebase-ui-auth:4.3.2] AndroidManifest.xml:98:23-78
122            </intent-filter>
123        </activity>
124
125        <provider
125-->[com.firebaseui:firebase-ui-auth:4.3.2] AndroidManifest.xml:102:9-106:38
126            android:name="com.firebase.ui.auth.data.client.AuthUiInitProvider"
126-->[com.firebaseui:firebase-ui-auth:4.3.2] AndroidManifest.xml:103:13-79
127            android:authorities="com.example.demo.authuiinitprovider"
127-->[com.firebaseui:firebase-ui-auth:4.3.2] AndroidManifest.xml:104:13-70
128            android:exported="false"
128-->[com.firebaseui:firebase-ui-auth:4.3.2] AndroidManifest.xml:105:13-37
129            android:initOrder="90" />
129-->[com.firebaseui:firebase-ui-auth:4.3.2] AndroidManifest.xml:106:13-35
130
131        <service
131-->[com.google.firebase:firebase-analytics-ktx:20.1.0] AndroidManifest.xml:8:9-14:19
132            android:name="com.google.firebase.components.ComponentDiscoveryService"
132-->[com.google.firebase:firebase-analytics-ktx:20.1.0] AndroidManifest.xml:9:13-84
133            android:directBootAware="true"
133-->[com.google.firebase:firebase-common:20.0.0] AndroidManifest.xml:35:13-43
134            android:exported="false" >
134-->[com.google.firebase:firebase-analytics-ktx:20.1.0] AndroidManifest.xml:10:13-37
135            <meta-data
135-->[com.google.firebase:firebase-analytics-ktx:20.1.0] AndroidManifest.xml:11:13-13:85
136                android:name="com.google.firebase.components:com.google.firebase.analytics.ktx.FirebaseAnalyticsKtxRegistrar"
136-->[com.google.firebase:firebase-analytics-ktx:20.1.0] AndroidManifest.xml:12:17-126
137                android:value="com.google.firebase.components.ComponentRegistrar" />
137-->[com.google.firebase:firebase-analytics-ktx:20.1.0] AndroidManifest.xml:13:17-82
138            <meta-data
138-->[com.google.firebase:firebase-auth-ktx:21.0.1] AndroidManifest.xml:11:13-13:85
139                android:name="com.google.firebase.components:com.google.firebase.auth.ktx.FirebaseAuthKtxRegistrar"
139-->[com.google.firebase:firebase-auth-ktx:21.0.1] AndroidManifest.xml:12:17-116
140                android:value="com.google.firebase.components.ComponentRegistrar" />
140-->[com.google.firebase:firebase-auth-ktx:21.0.1] AndroidManifest.xml:13:17-82
141            <meta-data
141-->[com.google.firebase:firebase-auth:21.0.1] AndroidManifest.xml:77:13-79:85
142                android:name="com.google.firebase.components:com.google.firebase.auth.FirebaseAuthRegistrar"
142-->[com.google.firebase:firebase-auth:21.0.1] AndroidManifest.xml:78:17-109
143                android:value="com.google.firebase.components.ComponentRegistrar" />
143-->[com.google.firebase:firebase-auth:21.0.1] AndroidManifest.xml:79:17-82
144            <meta-data
144-->[com.google.firebase:firebase-common-ktx:20.0.0] AndroidManifest.xml:15:13-17:85
145                android:name="com.google.firebase.components:com.google.firebase.ktx.FirebaseCommonKtxRegistrar"
145-->[com.google.firebase:firebase-common-ktx:20.0.0] AndroidManifest.xml:16:17-113
146                android:value="com.google.firebase.components.ComponentRegistrar" />
146-->[com.google.firebase:firebase-common-ktx:20.0.0] AndroidManifest.xml:17:17-82
147            <meta-data
147-->[com.google.android.gms:play-services-measurement-api:20.1.0] AndroidManifest.xml:30:13-32:85
148                android:name="com.google.firebase.components:com.google.firebase.analytics.connector.internal.AnalyticsConnectorRegistrar"
148-->[com.google.android.gms:play-services-measurement-api:20.1.0] AndroidManifest.xml:31:17-139
149                android:value="com.google.firebase.components.ComponentRegistrar" />
149-->[com.google.android.gms:play-services-measurement-api:20.1.0] AndroidManifest.xml:32:17-82
150            <meta-data
150-->[com.google.firebase:firebase-installations:17.0.0] AndroidManifest.xml:18:13-20:85
151                android:name="com.google.firebase.components:com.google.firebase.installations.FirebaseInstallationsRegistrar"
151-->[com.google.firebase:firebase-installations:17.0.0] AndroidManifest.xml:19:17-127
152                android:value="com.google.firebase.components.ComponentRegistrar" />
152-->[com.google.firebase:firebase-installations:17.0.0] AndroidManifest.xml:20:17-82
153        </service>
154
155        <activity
155-->[com.google.android.gms:play-services-auth:20.1.0] AndroidManifest.xml:23:9-27:75
156            android:name="com.google.android.gms.auth.api.signin.internal.SignInHubActivity"
156-->[com.google.android.gms:play-services-auth:20.1.0] AndroidManifest.xml:24:13-93
157            android:excludeFromRecents="true"
157-->[com.google.android.gms:play-services-auth:20.1.0] AndroidManifest.xml:25:13-46
158            android:exported="false"
158-->[com.google.android.gms:play-services-auth:20.1.0] AndroidManifest.xml:26:13-37
159            android:theme="@android:style/Theme.Translucent.NoTitleBar" />
159-->[com.google.android.gms:play-services-auth:20.1.0] AndroidManifest.xml:27:13-72
160        <!--
161            Service handling Google Sign-In user revocation. For apps that do not integrate with
162            Google Sign-In, this service will never be started.
163        -->
164        <service
164-->[com.google.android.gms:play-services-auth:20.1.0] AndroidManifest.xml:33:9-37:51
165            android:name="com.google.android.gms.auth.api.signin.RevocationBoundService"
165-->[com.google.android.gms:play-services-auth:20.1.0] AndroidManifest.xml:34:13-89
166            android:exported="true"
166-->[com.google.android.gms:play-services-auth:20.1.0] AndroidManifest.xml:35:13-36
167            android:permission="com.google.android.gms.auth.api.signin.permission.REVOCATION_NOTIFICATION"
167-->[com.google.android.gms:play-services-auth:20.1.0] AndroidManifest.xml:36:13-107
168            android:visibleToInstantApps="true" />
168-->[com.google.android.gms:play-services-auth:20.1.0] AndroidManifest.xml:37:13-48
169
170        <activity
170-->[com.google.firebase:firebase-auth:21.0.1] AndroidManifest.xml:27:9-44:20
171            android:name="com.google.firebase.auth.internal.GenericIdpActivity"
171-->[com.google.firebase:firebase-auth:21.0.1] AndroidManifest.xml:28:13-80
172            android:excludeFromRecents="true"
172-->[com.google.firebase:firebase-auth:21.0.1] AndroidManifest.xml:29:13-46
173            android:exported="true"
173-->[com.google.firebase:firebase-auth:21.0.1] AndroidManifest.xml:30:13-36
174            android:launchMode="singleTask"
174-->[com.google.firebase:firebase-auth:21.0.1] AndroidManifest.xml:31:13-44
175            android:theme="@android:style/Theme.Translucent.NoTitleBar" >
175-->[com.google.firebase:firebase-auth:21.0.1] AndroidManifest.xml:32:13-72
176            <intent-filter>
176-->[com.google.firebase:firebase-auth:21.0.1] AndroidManifest.xml:33:13-43:29
177                <action android:name="android.intent.action.VIEW" />
177-->[com.firebaseui:firebase-ui-auth:4.3.2] AndroidManifest.xml:93:17-69
177-->[com.firebaseui:firebase-ui-auth:4.3.2] AndroidManifest.xml:93:25-66
178
179                <category android:name="android.intent.category.DEFAULT" />
179-->[com.firebaseui:firebase-ui-auth:4.3.2] AndroidManifest.xml:95:17-76
179-->[com.firebaseui:firebase-ui-auth:4.3.2] AndroidManifest.xml:95:27-73
180                <category android:name="android.intent.category.BROWSABLE" />
180-->[com.firebaseui:firebase-ui-auth:4.3.2] AndroidManifest.xml:96:17-78
180-->[com.firebaseui:firebase-ui-auth:4.3.2] AndroidManifest.xml:96:27-75
181
182                <data
182-->[com.firebaseui:firebase-ui-auth:4.3.2] AndroidManifest.xml:98:17-81
183                    android:host="firebase.auth"
184                    android:path="/"
185                    android:scheme="genericidp" />
185-->[com.firebaseui:firebase-ui-auth:4.3.2] AndroidManifest.xml:98:23-78
186            </intent-filter>
187        </activity>
188        <activity
188-->[com.google.firebase:firebase-auth:21.0.1] AndroidManifest.xml:45:9-62:20
189            android:name="com.google.firebase.auth.internal.RecaptchaActivity"
189-->[com.google.firebase:firebase-auth:21.0.1] AndroidManifest.xml:46:13-79
190            android:excludeFromRecents="true"
190-->[com.google.firebase:firebase-auth:21.0.1] AndroidManifest.xml:47:13-46
191            android:exported="true"
191-->[com.google.firebase:firebase-auth:21.0.1] AndroidManifest.xml:48:13-36
192            android:launchMode="singleTask"
192-->[com.google.firebase:firebase-auth:21.0.1] AndroidManifest.xml:49:13-44
193            android:theme="@android:style/Theme.Translucent.NoTitleBar" >
193-->[com.google.firebase:firebase-auth:21.0.1] AndroidManifest.xml:50:13-72
194            <intent-filter>
194-->[com.google.firebase:firebase-auth:21.0.1] AndroidManifest.xml:51:13-61:29
195                <action android:name="android.intent.action.VIEW" />
195-->[com.firebaseui:firebase-ui-auth:4.3.2] AndroidManifest.xml:93:17-69
195-->[com.firebaseui:firebase-ui-auth:4.3.2] AndroidManifest.xml:93:25-66
196
197                <category android:name="android.intent.category.DEFAULT" />
197-->[com.firebaseui:firebase-ui-auth:4.3.2] AndroidManifest.xml:95:17-76
197-->[com.firebaseui:firebase-ui-auth:4.3.2] AndroidManifest.xml:95:27-73
198                <category android:name="android.intent.category.BROWSABLE" />
198-->[com.firebaseui:firebase-ui-auth:4.3.2] AndroidManifest.xml:96:17-78
198-->[com.firebaseui:firebase-ui-auth:4.3.2] AndroidManifest.xml:96:27-75
199
200                <data
200-->[com.firebaseui:firebase-ui-auth:4.3.2] AndroidManifest.xml:98:17-81
201                    android:host="firebase.auth"
202                    android:path="/"
203                    android:scheme="recaptcha" />
203-->[com.firebaseui:firebase-ui-auth:4.3.2] AndroidManifest.xml:98:23-78
204            </intent-filter>
205        </activity>
206
207        <service
207-->[com.google.firebase:firebase-auth:21.0.1] AndroidManifest.xml:64:9-73:19
208            android:name="com.google.firebase.auth.api.fallback.service.FirebaseAuthFallbackService"
208-->[com.google.firebase:firebase-auth:21.0.1] AndroidManifest.xml:65:13-101
209            android:enabled="true"
209-->[com.google.firebase:firebase-auth:21.0.1] AndroidManifest.xml:66:13-35
210            android:exported="false" >
210-->[com.google.firebase:firebase-auth:21.0.1] AndroidManifest.xml:67:13-37
211            <intent-filter>
211-->[com.google.firebase:firebase-auth:21.0.1] AndroidManifest.xml:68:13-72:29
212                <action android:name="com.google.firebase.auth.api.gms.service.START" />
212-->[com.google.firebase:firebase-auth:21.0.1] AndroidManifest.xml:69:17-89
212-->[com.google.firebase:firebase-auth:21.0.1] AndroidManifest.xml:69:25-86
213
214                <category android:name="android.intent.category.DEFAULT" />
214-->[com.firebaseui:firebase-ui-auth:4.3.2] AndroidManifest.xml:95:17-76
214-->[com.firebaseui:firebase-ui-auth:4.3.2] AndroidManifest.xml:95:27-73
215            </intent-filter>
216        </service>
217
218        <provider
218-->[com.google.firebase:firebase-common:20.0.0] AndroidManifest.xml:26:9-31:39
219            android:name="com.google.firebase.provider.FirebaseInitProvider"
219-->[com.google.firebase:firebase-common:20.0.0] AndroidManifest.xml:27:13-77
220            android:authorities="com.example.demo.firebaseinitprovider"
220-->[com.google.firebase:firebase-common:20.0.0] AndroidManifest.xml:28:13-72
221            android:directBootAware="true"
221-->[com.google.firebase:firebase-common:20.0.0] AndroidManifest.xml:29:13-43
222            android:exported="false"
222-->[com.google.firebase:firebase-common:20.0.0] AndroidManifest.xml:30:13-37
223            android:initOrder="100" />
223-->[com.google.firebase:firebase-common:20.0.0] AndroidManifest.xml:31:13-36
224
225        <activity
225-->[com.google.android.gms:play-services-base:18.0.1] AndroidManifest.xml:20:9-22:45
226            android:name="com.google.android.gms.common.api.GoogleApiActivity"
226-->[com.google.android.gms:play-services-base:18.0.1] AndroidManifest.xml:20:19-85
227            android:exported="false"
227-->[com.google.android.gms:play-services-base:18.0.1] AndroidManifest.xml:22:19-43
228            android:theme="@android:style/Theme.Translucent.NoTitleBar" />
228-->[com.google.android.gms:play-services-base:18.0.1] AndroidManifest.xml:21:19-78
229
230        <receiver
230-->[com.google.android.gms:play-services-measurement:20.1.0] AndroidManifest.xml:29:9-33:20
231            android:name="com.google.android.gms.measurement.AppMeasurementReceiver"
231-->[com.google.android.gms:play-services-measurement:20.1.0] AndroidManifest.xml:30:13-85
232            android:enabled="true"
232-->[com.google.android.gms:play-services-measurement:20.1.0] AndroidManifest.xml:31:13-35
233            android:exported="false" >
233-->[com.google.android.gms:play-services-measurement:20.1.0] AndroidManifest.xml:32:13-37
234        </receiver>
235
236        <service
236-->[com.google.android.gms:play-services-measurement:20.1.0] AndroidManifest.xml:35:9-38:40
237            android:name="com.google.android.gms.measurement.AppMeasurementService"
237-->[com.google.android.gms:play-services-measurement:20.1.0] AndroidManifest.xml:36:13-84
238            android:enabled="true"
238-->[com.google.android.gms:play-services-measurement:20.1.0] AndroidManifest.xml:37:13-35
239            android:exported="false" />
239-->[com.google.android.gms:play-services-measurement:20.1.0] AndroidManifest.xml:38:13-37
240        <service
240-->[com.google.android.gms:play-services-measurement:20.1.0] AndroidManifest.xml:39:9-43:72
241            android:name="com.google.android.gms.measurement.AppMeasurementJobService"
241-->[com.google.android.gms:play-services-measurement:20.1.0] AndroidManifest.xml:40:13-87
242            android:enabled="true"
242-->[com.google.android.gms:play-services-measurement:20.1.0] AndroidManifest.xml:41:13-35
243            android:exported="false"
243-->[com.google.android.gms:play-services-measurement:20.1.0] AndroidManifest.xml:42:13-37
244            android:permission="android.permission.BIND_JOB_SERVICE" />
244-->[com.google.android.gms:play-services-measurement:20.1.0] AndroidManifest.xml:43:13-69
245
246        <provider
246-->[androidx.emoji2:emoji2:1.0.0] AndroidManifest.xml:26:9-34:20
247            android:name="androidx.startup.InitializationProvider"
247-->[androidx.emoji2:emoji2:1.0.0] AndroidManifest.xml:27:13-67
248            android:authorities="com.example.demo.androidx-startup"
248-->[androidx.emoji2:emoji2:1.0.0] AndroidManifest.xml:28:13-68
249            android:exported="false" >
249-->[androidx.emoji2:emoji2:1.0.0] AndroidManifest.xml:29:13-37
250            <meta-data
250-->[androidx.emoji2:emoji2:1.0.0] AndroidManifest.xml:31:13-33:52
251                android:name="androidx.emoji2.text.EmojiCompatInitializer"
251-->[androidx.emoji2:emoji2:1.0.0] AndroidManifest.xml:32:17-75
252                android:value="androidx.startup" />
252-->[androidx.emoji2:emoji2:1.0.0] AndroidManifest.xml:33:17-49
253            <meta-data
253-->[androidx.lifecycle:lifecycle-process:2.4.0] AndroidManifest.xml:31:13-33:52
254                android:name="androidx.lifecycle.ProcessLifecycleInitializer"
254-->[androidx.lifecycle:lifecycle-process:2.4.0] AndroidManifest.xml:32:17-78
255                android:value="androidx.startup" />
255-->[androidx.lifecycle:lifecycle-process:2.4.0] AndroidManifest.xml:33:17-49
256        </provider>
257    </application>
258
259</manifest>